<?xml version="1.0" encoding="UTF-8"?>
<!-- Generated by org.testng.reporters.JUnitReportReporter -->
<testsuite hostname="DESKTOP-RBEDB73" failures="0" tests="1" name="com.demoqa.testcases.Demoqa_flow" time="9.430" errors="0" timestamp="23 Feb 2024 15:43:10 GMT" skipped="0">
  <testcase classname="com.demoqa.testcases.Demoqa_flow" name="loginHRM" time="9.430"/>
</testsuite> <!-- com.demoqa.testcases.Demoqa_flow -->
